2024-07-11T11:47:23.943+05:00  INFO 10504 --- [session2] [main] [                                                 ] c.p.second.session2.Session2Application  : Starting Session2Application using Java 22.0.1 with PID 10504 (C:\Users\esha.ashfaq\Downloads\session2\session2\target\classes started by esha.ashfaq in C:\Users\esha.ashfaq\Downloads\session2)
2024-07-11T11:47:23.994+05:00  INFO 10504 --- [session2] [main] [                                                 ] c.p.second.session2.Session2Application  : The following 1 profile is active: "secure"
2024-07-11T11:47:25.682+05:00  INFO 10504 --- [session2] [main] [                                                 ] .s.d.r.c.RepositoryConfigurationDelegate : Bootstrapping Spring Data JPA repositories in DEFAULT mode.
2024-07-11T11:47:25.855+05:00  INFO 10504 --- [session2] [main] [                                                 ] .s.d.r.c.RepositoryConfigurationDelegate : Finished Spring Data repository scanning in 164 ms. Found 2 JPA repository interfaces.
2024-07-11T11:47:26.784+05:00  INFO 10504 --- [session2] [main] [                                                 ] o.s.b.w.embedded.tomcat.TomcatWebServer  : Tomcat initialized with port 8080 (http)
2024-07-11T11:47:26.795+05:00  INFO 10504 --- [session2] [main] [                                                 ] o.apache.catalina.core.StandardService   : Starting service [Tomcat]
2024-07-11T11:47:26.795+05:00  INFO 10504 --- [session2] [main] [                                                 ] o.apache.catalina.core.StandardEngine    : Starting Servlet engine: [Apache Tomcat/10.1.25]
2024-07-11T11:47:26.865+05:00  INFO 10504 --- [session2] [main] [                                                 ] o.a.c.c.C.[Tomcat].[localhost].[/]       : Initializing Spring embedded WebApplicationContext
2024-07-11T11:47:26.866+05:00  INFO 10504 --- [session2] [main] [                                                 ] w.s.c.ServletWebServerApplicationContext : Root WebApplicationContext: initialization completed in 2834 ms
2024-07-11T11:47:27.352+05:00  INFO 10504 --- [session2] [main] [                                                 ] com.zaxxer.hikari.HikariDataSource       : HikariPool-1 - Starting...
2024-07-11T11:47:27.588+05:00  INFO 10504 --- [session2] [main] [                                                 ] com.zaxxer.hikari.pool.HikariPool        : HikariPool-1 - Added connection conn0: url=jdbc:h2:mem:testdb user=TEST
2024-07-11T11:47:27.591+05:00  INFO 10504 --- [session2] [main] [                                                 ] com.zaxxer.hikari.HikariDataSource       : HikariPool-1 - Start completed.
2024-07-11T11:47:27.603+05:00  INFO 10504 --- [session2] [main] [                                                 ] o.s.b.a.h2.H2ConsoleAutoConfiguration    : H2 console available at '/h2-console'. Database available at 'jdbc:h2:mem:testdb'
2024-07-11T11:47:27.885+05:00  INFO 10504 --- [session2] [main] [                                                 ] liquibase.database                       : Set default schema name to PUBLIC
2024-07-11T11:47:28.230+05:00  INFO 10504 --- [session2] [main] [                                                 ] liquibase.changelog                      : Creating database history table with name: PUBLIC.DATABASECHANGELOG
2024-07-11T11:47:28.315+05:00  INFO 10504 --- [session2] [main] [                                                 ] liquibase.changelog                      : Reading from PUBLIC.DATABASECHANGELOG
2024-07-11T11:47:28.383+05:00  INFO 10504 --- [session2] [main] [                                                 ] liquibase.lockservice                    : Successfully acquired change log lock
2024-07-11T11:47:28.384+05:00  INFO 10504 --- [session2] [main] [                                                 ] liquibase.command                        : Using deploymentId: 0680448383
2024-07-11T11:47:28.385+05:00  INFO 10504 --- [session2] [main] [                                                 ] liquibase.changelog                      : Reading from PUBLIC.DATABASECHANGELOG
2024-07-11T11:47:28.448+05:00  INFO 10504 --- [session2] [main] [                                                 ] liquibase.ui                             : Running Changeset: db/changelog/db.changelog-students.yaml::schema-0.0.1::student team
2024-07-11T11:47:28.456+05:00  INFO 10504 --- [session2] [main] [                                                 ] liquibase.changelog                      : Table students created
2024-07-11T11:47:28.460+05:00  INFO 10504 --- [session2] [main] [                                                 ] liquibase.changelog                      : Primary key added to students (stu_id)
2024-07-11T11:47:28.460+05:00  INFO 10504 --- [session2] [main] [                                                 ] liquibase.changelog                      : ChangeSet db/changelog/db.changelog-students.yaml::schema-0.0.1::student team ran successfully in 10ms
2024-07-11T11:47:28.468+05:00  INFO 10504 --- [session2] [main] [                                                 ] liquibase.ui                             : Running Changeset: db/changelog/db.changelog-students.yaml::data-0.0.1::student team
2024-07-11T11:47:28.471+05:00  INFO 10504 --- [session2] [main] [                                                 ] liquibase.changelog                      : New row inserted into students
2024-07-11T11:47:28.472+05:00  INFO 10504 --- [session2] [main] [                                                 ] liquibase.changelog                      : ChangeSet db/changelog/db.changelog-students.yaml::data-0.0.1::student team ran successfully in 2ms
2024-07-11T11:47:28.476+05:00  INFO 10504 --- [session2] [main] [                                                 ] liquibase.ui                             : Running Changeset: db/changelog/db.changelog-students.yaml::data-0.0.2::student team
2024-07-11T11:47:28.481+05:00  INFO 10504 --- [session2] [main] [                                                 ] liquibase.changelog                      : New row inserted into students
2024-07-11T11:47:28.482+05:00  INFO 10504 --- [session2] [main] [                                                 ] liquibase.changelog                      : ChangeSet db/changelog/db.changelog-students.yaml::data-0.0.2::student team ran successfully in 5ms
2024-07-11T11:47:28.486+05:00  INFO 10504 --- [session2] [main] [                                                 ] liquibase.ui                             : Running Changeset: db/changelog/db.changelog-users.yaml::schema-lecture-be-03::news team
2024-07-11T11:47:28.488+05:00  INFO 10504 --- [session2] [main] [                                                 ] liquibase.changelog                      : Table users created
2024-07-11T11:47:28.489+05:00  INFO 10504 --- [session2] [main] [                                                 ] liquibase.changelog                      : Primary key added to users (user_id)
2024-07-11T11:47:28.492+05:00  INFO 10504 --- [session2] [main] [                                                 ] liquibase.changelog                      : ChangeSet db/changelog/db.changelog-users.yaml::schema-lecture-be-03::news team ran successfully in 6ms
2024-07-11T11:47:28.495+05:00  INFO 10504 --- [session2] [main] [                                                 ] liquibase.ui                             : Running Changeset: db/changelog/db.changelog-users.yaml::data-lecture-be-02::news team
2024-07-11T11:47:28.498+05:00  INFO 10504 --- [session2] [main] [                                                 ] liquibase.changelog                      : New row inserted into users
2024-07-11T11:47:28.499+05:00  INFO 10504 --- [session2] [main] [                                                 ] liquibase.changelog                      : ChangeSet db/changelog/db.changelog-users.yaml::data-lecture-be-02::news team ran successfully in 4ms
2024-07-11T11:47:28.501+05:00  INFO 10504 --- [session2] [main] [                                                 ] liquibase.ui                             : Running Changeset: db/changelog/db.changelog-users.yaml::data-lecture-be-029::student team
2024-07-11T11:47:28.503+05:00  INFO 10504 --- [session2] [main] [                                                 ] liquibase.changelog                      : New row inserted into users
2024-07-11T11:47:28.503+05:00  INFO 10504 --- [session2] [main] [                                                 ] liquibase.changelog                      : ChangeSet db/changelog/db.changelog-users.yaml::data-lecture-be-029::student team ran successfully in 1ms
2024-07-11T11:47:28.510+05:00  INFO 10504 --- [session2] [main] [                                                 ] liquibase.util                           : UPDATE SUMMARY
2024-07-11T11:47:28.510+05:00  INFO 10504 --- [session2] [main] [                                                 ] liquibase.util                           : Run:                          6
2024-07-11T11:47:28.510+05:00  INFO 10504 --- [session2] [main] [                                                 ] liquibase.util                           : Previously run:               0
2024-07-11T11:47:28.510+05:00  INFO 10504 --- [session2] [main] [                                                 ] liquibase.util                           : Filtered out:                 0
2024-07-11T11:47:28.511+05:00  INFO 10504 --- [session2] [main] [                                                 ] liquibase.util                           : -------------------------------
2024-07-11T11:47:28.511+05:00  INFO 10504 --- [session2] [main] [                                                 ] liquibase.util                           : Total change sets:            6
2024-07-11T11:47:28.512+05:00  INFO 10504 --- [session2] [main] [                                                 ] liquibase.util                           : Update summary generated
2024-07-11T11:47:28.515+05:00  INFO 10504 --- [session2] [main] [                                                 ] liquibase.command                        : Update command completed successfully.
2024-07-11T11:47:28.515+05:00  INFO 10504 --- [session2] [main] [                                                 ] liquibase.ui                             : Liquibase: Update has been successful. Rows affected: 10
2024-07-11T11:47:28.517+05:00  INFO 10504 --- [session2] [main] [                                                 ] liquibase.lockservice                    : Successfully released change log lock
2024-07-11T11:47:28.518+05:00  INFO 10504 --- [session2] [main] [                                                 ] liquibase.command                        : Command execution complete
2024-07-11T11:47:28.622+05:00  INFO 10504 --- [session2] [main] [                                                 ] o.hibernate.jpa.internal.util.LogHelper  : HHH000204: Processing PersistenceUnitInfo [name: default]
2024-07-11T11:47:28.698+05:00  INFO 10504 --- [session2] [main] [                                                 ] org.hibernate.Version                    : HHH000412: Hibernate ORM core version 6.5.2.Final
2024-07-11T11:47:28.749+05:00  INFO 10504 --- [session2] [main] [                                                 ] o.h.c.internal.RegionFactoryInitiator    : HHH000026: Second-level cache disabled
2024-07-11T11:47:29.139+05:00  INFO 10504 --- [session2] [main] [                                                 ] o.s.o.j.p.SpringPersistenceUnitInfo      : No LoadTimeWeaver setup: ignoring JPA class transformer
2024-07-11T11:47:30.046+05:00  INFO 10504 --- [session2] [main] [                                                 ] o.h.e.t.j.p.i.JtaPlatformInitiator       : HHH000489: No JTA platform available (set 'hibernate.transaction.jta.platform' to enable JTA platform integration)
2024-07-11T11:47:30.049+05:00  INFO 10504 --- [session2] [main] [                                                 ] j.LocalContainerEntityManagerFactoryBean : Initialized JPA EntityManagerFactory for persistence unit 'default'
2024-07-11T11:47:32.054+05:00  INFO 10504 --- [session2] [main] [                                                 ] o.s.b.a.e.web.EndpointLinksResolver      : Exposing 17 endpoints beneath base path '/actuator'
2024-07-11T11:47:32.354+05:00  WARN 10504 --- [session2] [main] [                                                 ] ion$DefaultTemplateResolverConfiguration : Cannot find template location: classpath:/templates/ (please add some templates, check your Thymeleaf configuration, or set spring.thymeleaf.check-template-location=false)
2024-07-11T11:47:34.745+05:00  INFO 10504 --- [session2] [main] [                                                 ] o.s.b.w.embedded.tomcat.TomcatWebServer  : Tomcat started on port 8080 (http) with context path '/'
2024-07-11T11:47:34.760+05:00  INFO 10504 --- [session2] [main] [                                                 ] c.p.second.session2.Session2Application  : Started Session2Application in 11.969 seconds (process running for 13.65)
2024-07-11T11:47:35.051+05:00  INFO 10504 --- [session2] [RMI TCP Connection(4)-192.168.0.64] [                                                 ] o.a.c.c.C.[Tomcat].[localhost].[/]       : Initializing Spring DispatcherServlet 'dispatcherServlet'
2024-07-11T11:47:35.052+05:00  INFO 10504 --- [session2] [RMI TCP Connection(4)-192.168.0.64] [                                                 ] o.s.web.servlet.DispatcherServlet        : Initializing Servlet 'dispatcherServlet'
2024-07-11T11:47:35.054+05:00  INFO 10504 --- [session2] [RMI TCP Connection(4)-192.168.0.64] [                                                 ] o.s.web.servlet.DispatcherServlet        : Completed initialization in 2 ms
2024-07-11T11:47:35.265+05:00  WARN 10504 --- [session2] [registrationTask1] [                                                 ] d.c.b.a.c.r.ApplicationRegistrator       : Failed to register application as Application(name=session2, managementUrl=http://localhost:8080/actuator, healthUrl=http://localhost:8080/actuator/health, serviceUrl=http://localhost:8080/) at spring-boot-admin ([http://localhost:8080/instances]): Could not extract response: no suitable HttpMessageConverter found for response type [java.util.Map<java.lang.String, java.lang.Object>] and content type [text/html;charset=UTF-8]. Further attempts are logged on DEBUG level
2024-07-11T12:01:31.257+05:00  INFO 10504 --- [session2] [SpringApplicationShutdownHook] [                                                 ] j.LocalContainerEntityManagerFactoryBean : Closing JPA EntityManagerFactory for persistence unit 'default'
2024-07-11T12:01:31.257+05:00  INFO 10504 --- [session2] [SpringApplicationShutdownHook] [                                                 ] com.zaxxer.hikari.HikariDataSource       : HikariPool-1 - Shutdown initiated...
2024-07-11T12:01:31.257+05:00  INFO 10504 --- [session2] [SpringApplicationShutdownHook] [                                                 ] com.zaxxer.hikari.HikariDataSource       : HikariPool-1 - Shutdown completed.
